This is pdfTeX, Version 3.141592653-2.6-1.40.27 (MiKTeX 25.4) (preloaded format=pdflatex 2025.11.23)  23 NOV 2025 11:13
entering extended mode
 restricted \write18 enabled.
 %&-line parsing enabled.
**./Macros.tex
(Macros.tex
LaTeX2e <2025-11-01>
L3 programming layer <2025-10-24>
)
*return

! LaTeX Error: Missing \begin{document}.

See the LaTeX manual or LaTeX Companion for explanation.
Type  H <return>  for immediate help.
 ...                                              
                                                  
<*> r
     eturn
? return
OK, entering \nonstopmode...
Missing character: There is no r in font nullfont!
Missing character: There is no e in font nullfont!
Missing character: There is no t in font nullfont!
Missing character: There is no u in font nullfont!
Missing character: There is no r in font nullfont!
Missing character: There is no n in font nullfont!
! Emergency stop.
<*> return
          
*** (job aborted, no legal \end found)

 
Here is how much of TeX's memory you used:
 33 strings out of 467870
 645 string characters out of 5418354
 433736 words of memory out of 5000000
 29012 multiletter control sequences out of 15000+600000
 627721 words of font info for 40 fonts, out of 8000000 for 9000
 1141 hyphenation exceptions out of 8191
 14i,0n,18p,135b,14s stack positions out of 10000i,1000n,20000p,200000b,200000s
!  ==> Fatal error occurred, no output PDF file produced!
